生成启动时间为 2019/1/13 21:09:01。
     1>项目“D:\vs2015\workspace\StudyOpencv2\StudyOpencv2\StudyOpencv2.vcxproj”在节点 2 上(Build 个目标)。
     1>ClCompile:
         C:\Program Files (x86)\Microsoft Visual Studio 14.0\VC\bin\x86_amd64\CL.exe /c /ZI /nologo /W3 /WX- /sdl /Od /D _DEBUG /D _CONSOLE /D _UNICODE /D UNICODE /Gm /EHsc /RTC1 /MDd /GS /fp:precise /Zc:wchar_t /Zc:forScope /Zc:inline /Fo"x64\Debug\\" /Fd"x64\Debug\vc140.pdb" /Gd /TP /errorReport:prompt Study_3_0_1.cpp
         Study_3_0_1.cpp
       Link:
         C:\Program Files (x86)\Microsoft Visual Studio 14.0\VC\bin\x86_amd64\link.exe /ERRORREPORT:PROMPT /OUT:"D:\vs2015\workspace\StudyOpencv2\x64\Debug\StudyOpencv2.exe" /INCREMENTAL /NOLOGO opencv_aruco340d.lib opencv_bgsegm340d.lib opencv_bioinspired340d.lib opencv_calib3d340d.lib opencv_ccalib340d.lib opencv_core340d.lib opencv_datasets340d.lib opencv_dnn340d.lib opencv_dpm340d.lib opencv_face340d.lib opencv_features2d340d.lib opencv_flann340d.lib opencv_fuzzy340d.lib opencv_highgui340d.lib opencv_img_hash340d.lib opencv_imgcodecs340d.lib opencv_imgproc340d.lib opencv_line_descriptor340d.lib opencv_ml340d.lib opencv_objdetect340d.lib opencv_optflow340d.lib opencv_phase_unwrapping340d.lib opencv_photo340d.lib opencv_plot340d.lib opencv_reg340d.lib opencv_rgbd340d.lib opencv_saliency340d.lib opencv_shape340d.lib opencv_stereo340d.lib opencv_stitching340d.lib opencv_structured_light340d.lib opencv_superres340d.lib opencv_surface_matching340d.lib opencv_text340d.lib opencv_tracking340d.lib opencv_video340d.lib opencv_videoio340d.lib opencv_videostab340d.lib opencv_xfeatures2d340d.lib opencv_ximgproc340d.lib opencv_xobjdetect340d.lib opencv_xphoto340d.lib kernel32.lib user32.lib gdi32.lib winspool.lib comdlg32.lib advapi32.lib shell32.lib ole32.lib oleaut32.lib uuid.lib odbc32.lib odbccp32.lib /MANIFEST /MANIFESTUAC:"level='asInvoker' uiAccess='false'" /manifest:embed /Debug /PDB:"D:\vs2015\workspace\StudyOpencv2\x64\Debug\StudyOpencv2.pdb" /SUBSYSTEM:CONSOLE /TLBID:1 /DYNAMICBASE /NXCOMPAT /IMPLIB:"D:\vs2015\workspace\StudyOpencv2\x64\Debug\StudyOpencv2.lib" /MACHINE:X64 x64\Debug\colordetector.obj
         x64\Debug\Study1_4_1.obj
         x64\Debug\Study1_5_1.obj
         x64\Debug\Study2_6_2.obj
         x64\Debug\Study2_6_3.obj
         x64\Debug\Study_2_2_2.obj
         x64\Debug\Study_2_3_2.obj
         x64\Debug\Study_2_6_1.obj
         x64\Debug\Study_3_0_1.obj
         x64\Debug\Test1.obj
         x64\Debug\Test11_2.obj
         x64\Debug\Test11_3.obj
         x64\Debug\Test12_1.obj
         x64\Debug\Test12_2.obj
         x64\Debug\Test13_1.obj
         x64\Debug\Test13_2.obj
         x64\Debug\Test2.obj
         x64\Debug\Test20_1.obj
         x64\Debug\Test3.obj
         x64\Debug\Test5.obj
         x64\Debug\testSparseMat.obj
         x64\Debug\Test4.obj
         StudyOpencv2.vcxproj -> D:\vs2015\workspace\StudyOpencv2\x64\Debug\StudyOpencv2.exe
     1>已完成生成项目“D:\vs2015\workspace\StudyOpencv2\StudyOpencv2\StudyOpencv2.vcxproj”(Build 个目标)的操作。

已成功生成。

已用时间 00:00:08.85
